<?xml version="1.0" encoding="UTF-8"?>
<!-- Generated by org.testng.reporters.JUnitXMLReporter -->
<testsuite ignored="0" hostname="DESKTOP-TT3UMVU" failures="0" tests="5" name="firefoxTest" time="39.969" errors="0" timestamp="2025-09-19T20:27:35 IST">
  <testcase classname="tests.LoginPageTest" name="verifyLogin" time="3.416"/>
  <testcase classname="tests.LoginPageTest" name="verifyLoginInvalidData" time="1.063"/>
  <testcase classname="tests.LoginPageTest" name="verifyLoginnew" time="3.07"/>
  <testcase classname="tests.LoginPageTest" name="verifyLogging" time="0.003"/>
  <testcase classname="tests.LoginPageTest" name="verifyLoginInvalidData" time="0.876"/>
</testsuite> <!-- firefoxTest -->
