<?xml version="1.0" encoding="UTF-8"?>
<!-- Generated by org.testng.reporters.JUnitXMLReporter -->
<testsuite ignored="0" hostname="DESKTOP-TT3UMVU" failures="0" tests="5" name="Test" time="32.529" errors="0" timestamp="2025-04-17T21:42:44 IST">
  <testcase classname="tests.LoginPageTest" name="verifyLogging" time="0.041"/>
  <testcase classname="tests.LoginPageTest" name="verifyLogin" time="3.188"/>
  <testcase classname="tests.LoginPageTest" name="verifyLoginInvalidData" time="0.944"/>
  <testcase classname="tests.LoginPageTest" name="verifyLoginInvalidData" time="0.894"/>
  <testcase classname="tests.LoginPageTest" name="verifyLoginnew" time="2.951"/>
</testsuite> <!-- Test -->
