<?xml version="1.0" encoding="UTF-8"?>
<!-- Generated by org.testng.reporters.JUnitXMLReporter -->
<testsuite ignored="7" hostname="DESKTOP-TT3UMVU" failures="0" tests="23" name="Test" time="4.668" errors="0" timestamp="2025-04-05T15:48:40 IST">
  <testcase classname="pages.BaseClass" name="@BeforeSuite loadConfig" time="0.018">
    <failure type="java.io.FileNotFoundException" message="D:\eclipse workplace\SwagLabs\Resources\global.properties (The system cannot find the path specified)">
      <![CDATA[java.io.FileNotFoundException: D:\eclipse workplace\SwagLabs\Resources\global.properties (The system cannot find the path specified)
at java.base/java.io.FileInputStream.open0(Native Method)
at java.base/java.io.FileInputStream.open(FileInputStream.java:219)
at java.base/java.io.FileInputStream.<init>(FileInputStream.java:159)
at java.base/java.io.FileInputStream.<init>(FileInputStream.java:112)
at pages.BaseClass.loadConfig(BaseClass.java:33)
... Removed 17 stack frames]]>
    </failure>
  </testcase> <!-- @BeforeSuite loadConfig -->
  <testcase classname="tests.LoginPageTest" name="@BeforeMethod setup" time="0.0">
    <skipped/>
  </testcase> <!-- @BeforeMethod setup -->
  <testcase classname="tests.LoginPageTest" name="@AfterMethod tearDown" time="0.0">
    <skipped/>
  </testcase> <!-- @AfterMethod tearDown -->
  <testcase classname="tests.LoginPageTest" name="@BeforeMethod setup" time="0.0">
    <skipped/>
  </testcase> <!-- @BeforeMethod setup -->
  <testcase classname="tests.LoginPageTest" name="@AfterMethod tearDown" time="0.0">
    <skipped/>
  </testcase> <!-- @AfterMethod tearDown -->
  <testcase classname="tests.LoginPageTest" name="@BeforeMethod setup" time="0.0">
    <skipped/>
  </testcase> <!-- @BeforeMethod setup -->
  <testcase classname="tests.LoginPageTest" name="@AfterMethod tearDown" time="0.0">
    <skipped/>
  </testcase> <!-- @AfterMethod tearDown -->
  <testcase classname="tests.ProductTest" name="@BeforeMethod setup" time="0.0">
    <skipped/>
  </testcase> <!-- @BeforeMethod setup -->
  <testcase classname="tests.ProductTest" name="@AfterMethod tearDown" time="0.0">
    <skipped/>
  </testcase> <!-- @AfterMethod tearDown -->
  <testcase classname="tests.ProductTest" name="@BeforeMethod setup" time="0.0">
    <skipped/>
  </testcase> <!-- @BeforeMethod setup -->
  <testcase classname="tests.ProductTest" name="@AfterMethod tearDown" time="0.0">
    <skipped/>
  </testcase> <!-- @AfterMethod tearDown -->
  <testcase classname="tests.ProductTest" name="@BeforeMethod setup" time="0.0">
    <skipped/>
  </testcase> <!-- @BeforeMethod setup -->
  <testcase classname="tests.ProductTest" name="@AfterMethod tearDown" time="0.0">
    <skipped/>
  </testcase> <!-- @AfterMethod tearDown -->
  <testcase classname="tests.ProductTest" name="@BeforeMethod setup" time="0.0">
    <skipped/>
  </testcase> <!-- @BeforeMethod setup -->
  <testcase classname="tests.ProductTest" name="@AfterMethod tearDown" time="0.0">
    <skipped/>
  </testcase> <!-- @AfterMethod tearDown -->
  <testcase classname="tests.ProductTest" name="@BeforeMethod setup" time="0.0">
    <skipped/>
  </testcase> <!-- @BeforeMethod setup -->
  <testcase classname="tests.ProductTest" name="@AfterMethod tearDown" time="0.0">
    <skipped/>
  </testcase> <!-- @AfterMethod tearDown -->
  <testcase classname="tests.ProductTest" name="@BeforeMethod setup" time="0.0">
    <skipped/>
  </testcase> <!-- @BeforeMethod setup -->
  <testcase classname="tests.ProductTest" name="@AfterMethod tearDown" time="0.0">
    <skipped/>
  </testcase> <!-- @AfterMethod tearDown -->
  <testcase classname="tests.ProductDetailPageTest" name="@BeforeMethod setup" time="0.0">
    <skipped/>
  </testcase> <!-- @BeforeMethod setup -->
  <testcase classname="tests.ProductDetailPageTest" name="@AfterMethod tearDown" time="0.0">
    <skipped/>
  </testcase> <!-- @AfterMethod tearDown -->
  <testcase classname="tests.ProductDetailPageTest" name="@BeforeMethod setup" time="0.0">
    <skipped/>
  </testcase> <!-- @BeforeMethod setup -->
  <testcase classname="tests.ProductDetailPageTest" name="@AfterMethod tearDown" time="0.0">
    <skipped/>
  </testcase> <!-- @AfterMethod tearDown -->
  <testcase classname="tests.ProductDetailPageTest" name="@BeforeMethod setup" time="0.0">
    <skipped/>
  </testcase> <!-- @BeforeMethod setup -->
  <testcase classname="tests.ProductDetailPageTest" name="@AfterMethod tearDown" time="0.0">
    <skipped/>
  </testcase> <!-- @AfterMethod tearDown -->
  <testcase classname="tests.CartPageTest" name="@BeforeMethod setup" time="0.0">
    <skipped/>
  </testcase> <!-- @BeforeMethod setup -->
  <testcase classname="tests.CartPageTest" name="@AfterMethod tearDown" time="0.0">
    <skipped/>
  </testcase> <!-- @AfterMethod tearDown -->
  <testcase classname="tests.CartPageTest" name="@BeforeMethod setup" time="0.0">
    <skipped/>
  </testcase> <!-- @BeforeMethod setup -->
  <testcase classname="tests.CartPageTest" name="@AfterMethod tearDown" time="0.0">
    <skipped/>
  </testcase> <!-- @AfterMethod tearDown -->
  <testcase classname="tests.CartPageTest" name="@BeforeMethod setup" time="0.0">
    <skipped/>
  </testcase> <!-- @BeforeMethod setup -->
  <testcase classname="tests.CartPageTest" name="@AfterMethod tearDown" time="0.0">
    <skipped/>
  </testcase> <!-- @AfterMethod tearDown -->
  <testcase classname="tests.CartPageTest" name="@BeforeMethod setup" time="0.0">
    <skipped/>
  </testcase> <!-- @BeforeMethod setup -->
  <testcase classname="tests.CartPageTest" name="@AfterMethod tearDown" time="0.0">
    <skipped/>
  </testcase> <!-- @AfterMethod tearDown -->
  <testcase classname="tests.AddressPageTest" name="@BeforeMethod setup" time="0.0">
    <skipped/>
  </testcase> <!-- @BeforeMethod setup -->
  <testcase classname="tests.AddressPageTest" name="@AfterMethod tearDown" time="0.0">
    <skipped/>
  </testcase> <!-- @AfterMethod tearDown -->
  <testcase classname="tests.AddressPageTest" name="@BeforeMethod setup" time="0.0">
    <skipped/>
  </testcase> <!-- @BeforeMethod setup -->
  <testcase classname="tests.AddressPageTest" name="@AfterMethod tearDown" time="0.0">
    <skipped/>
  </testcase> <!-- @AfterMethod tearDown -->
  <testcase classname="tests.AddressPageTest" name="@BeforeMethod setup" time="0.0">
    <skipped/>
  </testcase> <!-- @BeforeMethod setup -->
  <testcase classname="tests.AddressPageTest" name="@AfterMethod tearDown" time="0.0">
    <skipped/>
  </testcase> <!-- @AfterMethod tearDown -->
  <testcase classname="tests.OrderSummaryPageTest" name="@BeforeMethod setup" time="0.0">
    <skipped/>
  </testcase> <!-- @BeforeMethod setup -->
  <testcase classname="tests.OrderSummaryPageTest" name="@AfterMethod teardown" time="0.0">
    <skipped/>
  </testcase> <!-- @AfterMethod teardown -->
  <testcase classname="tests.OrderSummaryPageTest" name="@BeforeMethod setup" time="0.0">
    <skipped/>
  </testcase> <!-- @BeforeMethod setup -->
  <testcase classname="tests.OrderSummaryPageTest" name="@AfterMethod teardown" time="0.0">
    <skipped/>
  </testcase> <!-- @AfterMethod teardown -->
  <testcase classname="tests.OrderSummaryPageTest" name="@BeforeMethod setup" time="0.0">
    <skipped/>
  </testcase> <!-- @BeforeMethod setup -->
  <testcase classname="tests.OrderSummaryPageTest" name="@AfterMethod teardown" time="0.0">
    <skipped/>
  </testcase> <!-- @AfterMethod teardown -->
  <testcase classname="tests.OrderConfimationPageTest" name="@BeforeMethod setup" time="0.0">
    <skipped/>
  </testcase> <!-- @BeforeMethod setup -->
  <testcase classname="tests.OrderConfimationPageTest" name="@AfterMethod tearDown" time="0.0">
    <skipped/>
  </testcase> <!-- @AfterMethod tearDown -->
  <testcase classname="tests.LoginPageTest" name="verifyLoginInvalidData" time="0.0">
    <skipped/>
  </testcase> <!-- verifyLoginInvalidData -->
  <testcase classname="tests.LoginPageTest" name="verifyLoginInvalidData" time="0.0">
    <skipped/>
  </testcase> <!-- verifyLoginInvalidData -->
  <testcase classname="tests.LoginPageTest" name="verifyLoginnew" time="0.0">
    <skipped/>
  </testcase> <!-- verifyLoginnew -->
  <testcase classname="tests.ProductTest" name="addToCartProductFromListing" time="0.001">
    <skipped/>
  </testcase> <!-- addToCartProductFromListing -->
  <testcase classname="tests.ProductTest" name="getProductPriceAscOrder" time="0.001">
    <skipped/>
  </testcase> <!-- getProductPriceAscOrder -->
  <testcase classname="tests.ProductTest" name="verifyAllProductPrice" time="0.0">
    <skipped/>
  </testcase> <!-- verifyAllProductPrice -->
  <testcase classname="tests.ProductTest" name="verifyAllProductTitle" time="0.0">
    <skipped/>
  </testcase> <!-- verifyAllProductTitle -->
  <testcase classname="tests.ProductTest" name="verifyDescOrderProduct" time="0.0">
    <skipped/>
  </testcase> <!-- verifyDescOrderProduct -->
  <testcase classname="tests.ProductTest" name="verifyProductPriceDscOrder" time="0.0">
    <skipped/>
  </testcase> <!-- verifyProductPriceDscOrder -->
  <testcase classname="tests.ProductDetailPageTest" name="validateAddToCart" time="0.0">
    <skipped/>
  </testcase> <!-- validateAddToCart -->
  <testcase classname="tests.ProductDetailPageTest" name="validateBackToProductListing" time="0.0">
    <skipped/>
  </testcase> <!-- validateBackToProductListing -->
  <testcase classname="tests.ProductDetailPageTest" name="validateProductDetail" time="0.0">
    <skipped/>
  </testcase> <!-- validateProductDetail -->
  <testcase classname="tests.CartPageTest" name="validateCartPage" time="0.0">
    <skipped/>
  </testcase> <!-- validateCartPage -->
  <testcase classname="tests.CartPageTest" name="validateCartPageProductTitle" time="0.0">
    <skipped/>
  </testcase> <!-- validateCartPageProductTitle -->
  <testcase classname="tests.CartPageTest" name="validateContinueShippingButton" time="0.0">
    <skipped/>
  </testcase> <!-- validateContinueShippingButton -->
  <testcase classname="tests.CartPageTest" name="validateRemoveProduct" time="0.003">
    <skipped/>
  </testcase> <!-- validateRemoveProduct -->
  <testcase classname="tests.AddressPageTest" name="validateAddressContinueButton" time="0.0">
    <skipped/>
  </testcase> <!-- validateAddressContinueButton -->
  <testcase classname="tests.AddressPageTest" name="validateAddressEmptyData" time="0.0">
    <skipped/>
  </testcase> <!-- validateAddressEmptyData -->
  <testcase classname="tests.AddressPageTest" name="validateAddressPage" time="0.001">
    <skipped/>
  </testcase> <!-- validateAddressPage -->
  <testcase classname="tests.OrderSummaryPageTest" name="validateCancelButton" time="0.0">
    <skipped/>
  </testcase> <!-- validateCancelButton -->
  <testcase classname="tests.OrderSummaryPageTest" name="validateMultipleProductPrice" time="0.0">
    <skipped/>
  </testcase> <!-- validateMultipleProductPrice -->
  <testcase classname="tests.OrderSummaryPageTest" name="validateOrderSummary" time="0.0">
    <skipped/>
  </testcase> <!-- validateOrderSummary -->
  <testcase classname="tests.OrderConfimationPageTest" name="validateOrderConfirmationPage" time="0.0">
    <skipped/>
  </testcase> <!-- validateOrderConfirmationPage -->
  <testcase classname="pages.BaseClass" name="@BeforeSuite loadConfig" time="0.0">
    <ignored/>
  </testcase> <!-- @BeforeSuite loadConfig -->
  <testcase classname="pages.BaseClass" name="@BeforeSuite loadConfig" time="0.0">
    <ignored/>
  </testcase> <!-- @BeforeSuite loadConfig -->
  <testcase classname="pages.BaseClass" name="@BeforeSuite loadConfig" time="0.0">
    <ignored/>
  </testcase> <!-- @BeforeSuite loadConfig -->
  <testcase classname="tests.LoginPageTest" name="verifyLogin" time="0.0">
    <ignored/>
  </testcase> <!-- verifyLogin -->
  <testcase classname="pages.BaseClass" name="@BeforeSuite loadConfig" time="0.0">
    <ignored/>
  </testcase> <!-- @BeforeSuite loadConfig -->
  <testcase classname="pages.BaseClass" name="@BeforeSuite loadConfig" time="0.0">
    <ignored/>
  </testcase> <!-- @BeforeSuite loadConfig -->
  <testcase classname="pages.BaseClass" name="@BeforeSuite loadConfig" time="0.0">
    <ignored/>
  </testcase> <!-- @BeforeSuite loadConfig -->
</testsuite> <!-- Test -->
